<?xml version="1.0" encoding="UTF-8"?>
<!-- Generated by org.testng.reporters.JUnitXMLReporter -->
<testsuite ignored="1" hostname="EC2AMAZ-H7JM941" failures="0" tests="3" name="Surefire test" time="22.079" errors="0" timestamp="2024-08-04T19:40:05 UTC">
  <testcase classname="ajayshettyacademy.TestComponents.BaseTest" name="@AfterTest exit" time="0.004">
    <failure type="java.lang.NullPointerException" message="Cannot invoke &amp;quot;org.openqa.selenium.WebDriver.close()&amp;quot; because &amp;quot;this.driver&amp;quot; is null">
      <![CDATA[java.lang.NullPointerException: Cannot invoke "org.openqa.selenium.WebDriver.close()" because "this.driver" is null
at ajayshettyacademy.TestComponents.BaseTest.exit(BaseTest.java:75)
... Removed 27 stack frames]]>
    </failure>
  </testcase> <!-- @AfterTest exit -->
  <testcase classname="ajayshettyacademy.tests.StandAloneTest" name="submitOrder" time="4.506"/>
  <testcase classname="ajayshettyacademy.tests.StandAloneTest" name="submitOrder" time="5.342"/>
  <testcase classname="ajayshettyacademy.tests.StandAloneTest" name="OrderHistory" time="1.766"/>
  <testcase classname="ajayshettyacademy.TestComponents.BaseTest" name="@AfterTest exit" time="0.0">
    <ignored/>
  </testcase> <!-- @AfterTest exit -->
</testsuite> <!-- Surefire test -->
