<?xml version="1.0" encoding="UTF-8"?>
<!-- Generated by org.testng.reporters.JUnitXMLReporter -->
<testsuite ignored="1" hostname="EC2AMAZ-H7JM941" failures="0" tests="2" name="Positive test cases" time="20.612" errors="0" timestamp="2024-08-06T19:14:13 UTC">
  <testcase classname="ajayshettyacademy.tests.StandAloneTest" name="submitOrder" time="4.531"/>
  <testcase classname="ajayshettyacademy.tests.StandAloneTest" name="submitOrder" time="4.508"/>
  <testcase classname="ajayshettyacademy.tests.StandAloneTest" name="OrderHistory" time="0.0">
    <ignored/>
  </testcase> <!-- OrderHistory -->
</testsuite> <!-- Positive test cases -->
