<?xml version="1.0" encoding="UTF-8"?>
<testng-results ignored="0" total="1" passed="1" failed="0" skipped="0">
  <reporter-output>
  </reporter-output>
  <suite started-at="2024-08-05T09:58:21 UTC" name="Suite" finished-at="2024-08-05T09:58:27 UTC" duration-ms="6470">
    <groups>
      <group name="FirstGroup">
        <method signature="ErrorValidation.invalidUsernamePass()[pri:0, instance:ajayshettyacademy.tests.ErrorValidation@57bc27f5]" name="invalidUsernamePass" class="ajayshettyacademy.tests.ErrorValidation"/>
      </group> <!-- FirstGroup -->
    </groups>
    <test started-at="2024-08-05T09:58:21 UTC" name="Positive test cases" finished-at="2024-08-05T09:58:27 UTC" duration-ms="6470">
      <class name="ajayshettyacademy.tests.ErrorValidation">
        <test-method is-config="true" signature="launchApplication()[pri:0, instance:ajayshettyacademy.tests.ErrorValidation@57bc27f5]" started-at="2024-08-05T09:58:21 UTC" name="launchApplication" finished-at="2024-08-05T09:58:27 UTC" duration-ms="5781" status="PASS">
          <reporter-output>
          </reporter-output>
        </test-method> <!-- launchApplication -->
        <test-method signature="invalidUsernamePass()[pri:0, instance:ajayshettyacademy.tests.ErrorValidation@57bc27f5]" started-at="2024-08-05T09:58:27 UTC" name="invalidUsernamePass" finished-at="2024-08-05T09:58:27 UTC" duration-ms="579" status="PASS">
          <reporter-output>
          </reporter-output>
        </test-method> <!-- invalidUsernamePass -->
        <test-method is-config="true" signature="exit()[pri:0, instance:ajayshettyacademy.tests.ErrorValidation@57bc27f5]" started-at="2024-08-05T09:58:27 UTC" name="exit" finished-at="2024-08-05T09:58:27 UTC" duration-ms="53" status="PASS">
          <reporter-output>
          </reporter-output>
        </test-method> <!-- exit -->
      </class> <!-- ajayshettyacademy.tests.ErrorValidation -->
    </test> <!-- Positive test cases -->
  </suite> <!-- Suite -->
</testng-results>
